running egg_info
creating ../../build/camera_controller/camera_controller.egg-info
writing ../../build/camera_controller/camera_controller.egg-info/PKG-INFO
writing dependency_links to ../../build/camera_controller/camera_controller.egg-info/dependency_links.txt
writing entry points to ../../build/camera_controller/camera_controller.egg-info/entry_points.txt
writing requirements to ../../build/camera_controller/camera_controller.egg-info/requires.txt
writing top-level names to ../../build/camera_controller/camera_controller.egg-info/top_level.txt
writing manifest file '../../build/camera_controller/camera_controller.egg-info/SOURCES.txt'
reading manifest file '../../build/camera_controller/camera_controller.egg-info/SOURCES.txt'
writing manifest file '../../build/camera_controller/camera_controller.egg-info/SOURCES.txt'
running build
running build_py
creating /home/student/camera_project/build/camera_controller/build
creating /home/student/camera_project/build/camera_controller/build/lib
creating /home/student/camera_project/build/camera_controller/build/lib/camera_controller
copying camera_controller/camera_node.py -> /home/student/camera_project/build/camera_controller/build/lib/camera_controller
copying camera_controller/__init__.py -> /home/student/camera_project/build/camera_controller/build/lib/camera_controller
running install
running install_lib
creating /home/student/camera_project/install/camera_controller/lib/python3.10/site-packages/camera_controller
copying /home/student/camera_project/build/camera_controller/build/lib/camera_controller/camera_node.py -> /home/student/camera_project/install/camera_controller/lib/python3.10/site-packages/camera_controller
copying /home/student/camera_project/build/camera_controller/build/lib/camera_controller/__init__.py -> /home/student/camera_project/install/camera_controller/lib/python3.10/site-packages/camera_controller
byte-compiling /home/student/camera_project/install/camera_controller/lib/python3.10/site-packages/camera_controller/camera_node.py to camera_node.cpython-310.pyc
byte-compiling /home/student/camera_project/install/camera_controller/lib/python3.10/site-packages/camera_controller/__init__.py to __init__.cpython-310.pyc
running install_data
creating /home/student/camera_project/install/camera_controller/share/ament_index
creating /home/student/camera_project/install/camera_controller/share/ament_index/resource_index
creating /home/student/camera_project/install/camera_controller/share/ament_index/resource_index/packages
copying resource/camera_controller -> /home/student/camera_project/install/camera_controller/share/ament_index/resource_index/packages
copying package.xml -> /home/student/camera_project/install/camera_controller/share/camera_controller
running install_egg_info
Copying ../../build/camera_controller/camera_controller.egg-info to /home/student/camera_project/install/camera_controller/lib/python3.10/site-packages/camera_controller-0.0.0-py3.10.egg-info
running install_scripts
Installing camera_node script to /home/student/camera_project/install/camera_controller/lib/camera_controller
writing list of installed files to '/home/student/camera_project/build/camera_controller/install.log'
