[0.808s] Invoking command in '/home/student/camera_project/src/camera_controller': PYTHONPATH=/home/student/camera_project/build/camera_controller/prefix_override:/usr/lib/python3/dist-packages/colcon_core/task/python/colcon_distutils_commands:/home/student/camera_project/install/camera_controller/lib/python3.10/site-packages:${PYTHONPATH} /usr/bin/python3 -W ignore:setup.py install is deprecated -W ignore:easy_install command is deprecated setup.py egg_info --egg-base ../../build/camera_controller build --build-base /home/student/camera_project/build/camera_controller/build install --record /home/student/camera_project/build/camera_controller/install.log --single-version-externally-managed install_data
[1.069s] running egg_info
[1.070s] creating ../../build/camera_controller/camera_controller.egg-info
[1.072s] writing ../../build/camera_controller/camera_controller.egg-info/PKG-INFO
[1.072s] writing dependency_links to ../../build/camera_controller/camera_controller.egg-info/dependency_links.txt
[1.072s] writing entry points to ../../build/camera_controller/camera_controller.egg-info/entry_points.txt
[1.072s] writing requirements to ../../build/camera_controller/camera_controller.egg-info/requires.txt
[1.072s] writing top-level names to ../../build/camera_controller/camera_controller.egg-info/top_level.txt
[1.072s] writing manifest file '../../build/camera_controller/camera_controller.egg-info/SOURCES.txt'
[1.073s] reading manifest file '../../build/camera_controller/camera_controller.egg-info/SOURCES.txt'
[1.074s] writing manifest file '../../build/camera_controller/camera_controller.egg-info/SOURCES.txt'
[1.075s] running build
[1.075s] running build_py
[1.075s] creating /home/student/camera_project/build/camera_controller/build
[1.075s] creating /home/student/camera_project/build/camera_controller/build/lib
[1.075s] creating /home/student/camera_project/build/camera_controller/build/lib/camera_controller
[1.075s] copying camera_controller/camera_node.py -> /home/student/camera_project/build/camera_controller/build/lib/camera_controller
[1.075s] copying camera_controller/__init__.py -> /home/student/camera_project/build/camera_controller/build/lib/camera_controller
[1.075s] running install
[1.076s] running install_lib
[1.077s] creating /home/student/camera_project/install/camera_controller/lib/python3.10/site-packages/camera_controller
[1.077s] copying /home/student/camera_project/build/camera_controller/build/lib/camera_controller/camera_node.py -> /home/student/camera_project/install/camera_controller/lib/python3.10/site-packages/camera_controller
[1.077s] copying /home/student/camera_project/build/camera_controller/build/lib/camera_controller/__init__.py -> /home/student/camera_project/install/camera_controller/lib/python3.10/site-packages/camera_controller
[1.077s] byte-compiling /home/student/camera_project/install/camera_controller/lib/python3.10/site-packages/camera_controller/camera_node.py to camera_node.cpython-310.pyc
[1.078s] byte-compiling /home/student/camera_project/install/camera_controller/lib/python3.10/site-packages/camera_controller/__init__.py to __init__.cpython-310.pyc
[1.079s] running install_data
[1.079s] creating /home/student/camera_project/install/camera_controller/share/ament_index
[1.079s] creating /home/student/camera_project/install/camera_controller/share/ament_index/resource_index
[1.079s] creating /home/student/camera_project/install/camera_controller/share/ament_index/resource_index/packages
[1.079s] copying resource/camera_controller -> /home/student/camera_project/install/camera_controller/share/ament_index/resource_index/packages
[1.080s] copying package.xml -> /home/student/camera_project/install/camera_controller/share/camera_controller
[1.080s] running install_egg_info
[1.081s] Copying ../../build/camera_controller/camera_controller.egg-info to /home/student/camera_project/install/camera_controller/lib/python3.10/site-packages/camera_controller-0.0.0-py3.10.egg-info
[1.082s] running install_scripts
[1.103s] Installing camera_node script to /home/student/camera_project/install/camera_controller/lib/camera_controller
[1.103s] writing list of installed files to '/home/student/camera_project/build/camera_controller/install.log'
[1.132s] Invoked command in '/home/student/camera_project/src/camera_controller' returned '0': PYTHONPATH=/home/student/camera_project/build/camera_controller/prefix_override:/usr/lib/python3/dist-packages/colcon_core/task/python/colcon_distutils_commands:/home/student/camera_project/install/camera_controller/lib/python3.10/site-packages:${PYTHONPATH} /usr/bin/python3 -W ignore:setup.py install is deprecated -W ignore:easy_install command is deprecated setup.py egg_info --egg-base ../../build/camera_controller build --build-base /home/student/camera_project/build/camera_controller/build install --record /home/student/camera_project/build/camera_controller/install.log --single-version-externally-managed install_data
