[0.633s] Invoking command in '/home/student/camera_project/src/camera_controller': PYTHONPATH=/home/student/camera_project/build/camera_controller/prefix_override:/usr/lib/python3/dist-packages/colcon_core/task/python/colcon_distutils_commands:/home/student/camera_project/install/camera_controller/lib/python3.10/site-packages:${PYTHONPATH} /usr/bin/python3 -W ignore:setup.py install is deprecated -W ignore:easy_install command is deprecated setup.py egg_info --egg-base ../../build/camera_controller build --build-base /home/student/camera_project/build/camera_controller/build install --record /home/student/camera_project/build/camera_controller/install.log --single-version-externally-managed install_data
[0.893s] running egg_info
[0.893s] writing ../../build/camera_controller/camera_controller.egg-info/PKG-INFO
[0.894s] writing dependency_links to ../../build/camera_controller/camera_controller.egg-info/dependency_links.txt
[0.894s] writing entry points to ../../build/camera_controller/camera_controller.egg-info/entry_points.txt
[0.894s] writing requirements to ../../build/camera_controller/camera_controller.egg-info/requires.txt
[0.894s] writing top-level names to ../../build/camera_controller/camera_controller.egg-info/top_level.txt
[0.896s] reading manifest file '../../build/camera_controller/camera_controller.egg-info/SOURCES.txt'
[0.897s] writing manifest file '../../build/camera_controller/camera_controller.egg-info/SOURCES.txt'
[0.897s] running build
[0.897s] running build_py
[0.897s] copying camera_controller/camera_node.py -> /home/student/camera_project/build/camera_controller/build/lib/camera_controller
[0.897s] running install
[0.898s] running install_lib
[0.899s] copying /home/student/camera_project/build/camera_controller/build/lib/camera_controller/camera_node.py -> /home/student/camera_project/install/camera_controller/lib/python3.10/site-packages/camera_controller
[0.899s] byte-compiling /home/student/camera_project/install/camera_controller/lib/python3.10/site-packages/camera_controller/camera_node.py to camera_node.cpython-310.pyc
[0.900s] running install_data
[0.901s] running install_egg_info
[0.902s] removing '/home/student/camera_project/install/camera_controller/lib/python3.10/site-packages/camera_controller-0.0.0-py3.10.egg-info' (and everything under it)
[0.903s] Copying ../../build/camera_controller/camera_controller.egg-info to /home/student/camera_project/install/camera_controller/lib/python3.10/site-packages/camera_controller-0.0.0-py3.10.egg-info
[0.904s] running install_scripts
[0.926s] Installing camera_node script to /home/student/camera_project/install/camera_controller/lib/camera_controller
[0.926s] writing list of installed files to '/home/student/camera_project/build/camera_controller/install.log'
[0.957s] Invoked command in '/home/student/camera_project/src/camera_controller' returned '0': PYTHONPATH=/home/student/camera_project/build/camera_controller/prefix_override:/usr/lib/python3/dist-packages/colcon_core/task/python/colcon_distutils_commands:/home/student/camera_project/install/camera_controller/lib/python3.10/site-packages:${PYTHONPATH} /usr/bin/python3 -W ignore:setup.py install is deprecated -W ignore:easy_install command is deprecated setup.py egg_info --egg-base ../../build/camera_controller build --build-base /home/student/camera_project/build/camera_controller/build install --record /home/student/camera_project/build/camera_controller/install.log --single-version-externally-managed install_data
